2025-05-10 16:59:39,885 - INFO - Found 9 books in directory
2025-05-10 16:59:39,885 - INFO - Processing book 1/9
2025-05-10 16:59:39,886 - INFO - Processing: 5step.txt (152232 chars)
2025-05-10 17:00:30,665 - INFO - HTTP Request: POST https://api-hcya75k62e723cf6.aistudio-app.com/v1/chat/completions "HTTP/1.1 200 OK"
2025-05-10 17:01:06,628 - INFO - HTTP Request: POST https://api-hcya75k62e723cf6.aistudio-app.com/v1/chat/completions "HTTP/1.1 200 OK"
2025-05-10 17:01:44,258 - INFO - HTTP Request: POST https://api-hcya75k62e723cf6.aistudio-app.com/v1/chat/completions "HTTP/1.1 200 OK"
2025-05-10 17:02:24,933 - INFO - HTTP Request: POST https://api-hcya75k62e723cf6.aistudio-app.com/v1/chat/completions "HTTP/1.1 200 OK"
2025-05-10 17:03:03,275 - INFO - HTTP Request: POST https://api-hcya75k62e723cf6.aistudio-app.com/v1/chat/completions "HTTP/1.1 200 OK"
2025-05-10 17:03:41,528 - INFO - HTTP Request: POST https://api-hcya75k62e723cf6.aistudio-app.com/v1/chat/completions "HTTP/1.1 200 OK"
2025-05-10 17:04:48,022 - INFO - HTTP Request: POST https://api-hcya75k62e723cf6.aistudio-app.com/v1/chat/completions "HTTP/1.1 200 OK"
2025-05-10 17:04:53,865 - INFO - Retrying request to /chat/completions in 0.454408 seconds
2025-05-10 17:05:04,113 - INFO - Retrying request to /chat/completions in 0.863211 seconds
2025-05-10 17:06:02,937 - INFO - HTTP Request: POST https://api-hcya75k62e723cf6.aistudio-app.com/v1/chat/completions "HTTP/1.1 200 OK"
2025-05-10 17:06:08,429 - INFO - Retrying request to /chat/completions in 0.406561 seconds
2025-05-10 17:06:15,777 - INFO - Retrying request to /chat/completions in 0.964998 seconds
2025-05-10 17:06:21,761 - ERROR - Book processing failed: Request timed out.
2025-05-10 17:06:21,762 - INFO - Processing book 2/9
2025-05-10 17:06:21,762 - INFO - Processing: diewithzero.txt (356602 chars)
2025-05-10 17:07:43,772 - INFO - HTTP Request: POST https://api-hcya75k62e723cf6.aistudio-app.com/v1/chat/completions "HTTP/1.1 200 OK"
2025-05-10 17:07:49,421 - INFO - Retrying request to /chat/completions in 0.417384 seconds
2025-05-10 17:07:54,984 - INFO - Retrying request to /chat/completions in 0.821261 seconds
2025-05-10 17:08:00,838 - ERROR - Book processing failed: Request timed out.
2025-05-10 17:08:00,839 - INFO - Processing book 3/9
2025-05-10 17:08:00,841 - INFO - Processing: forhim.txt (175415 chars)
2025-05-10 17:08:09,070 - INFO - Retrying request to /chat/completions in 0.474543 seconds
2025-05-10 17:09:22,823 - INFO - HTTP Request: POST https://api-hcya75k62e723cf6.aistudio-app.com/v1/chat/completions "HTTP/1.1 200 OK"
2025-05-10 17:10:12,619 - INFO - HTTP Request: POST https://api-hcya75k62e723cf6.aistudio-app.com/v1/chat/completions "HTTP/1.1 200 OK"
2025-05-10 17:10:19,040 - INFO - Retrying request to /chat/completions in 0.477459 seconds
2025-05-10 17:10:24,540 - INFO - Retrying request to /chat/completions in 0.947756 seconds
2025-05-10 17:10:30,513 - ERROR - Book processing failed: Request timed out.
2025-05-10 17:10:30,513 - INFO - Processing book 4/9
2025-05-10 17:10:30,513 - INFO - Processing: how-to-be-your-own-therapist.txt (270548 chars)
2025-05-10 17:10:36,913 - INFO - Retrying request to /chat/completions in 0.401296 seconds
2025-05-10 17:10:42,323 - INFO - Retrying request to /chat/completions in 0.786959 seconds
2025-05-10 17:10:48,130 - ERROR - Book processing failed: Request timed out.
2025-05-10 17:10:48,130 - INFO - Processing book 5/9
2025-05-10 17:10:48,137 - INFO - Processing: not-nice.txt (884847 chars)
2025-05-10 17:10:54,577 - INFO - Retrying request to /chat/completions in 0.463432 seconds
2025-05-10 17:11:00,078 - INFO - Retrying request to /chat/completions in 0.781426 seconds
2025-05-10 17:11:05,893 - ERROR - Book processing failed: Request timed out.
2025-05-10 17:11:05,893 - INFO - Processing book 6/9
2025-05-10 17:11:05,895 - INFO - Processing: startstayorleave.txt (364931 chars)
2025-05-10 17:11:12,262 - INFO - Retrying request to /chat/completions in 0.375939 seconds
2025-05-10 17:11:17,664 - INFO - Retrying request to /chat/completions in 0.984681 seconds
2025-05-10 17:11:23,684 - ERROR - Book processing failed: Request timed out.
2025-05-10 17:11:23,684 - INFO - Processing book 7/9
2025-05-10 17:11:23,686 - INFO - Processing: thelovepre.txt (254758 chars)
2025-05-10 17:11:30,149 - INFO - Retrying request to /chat/completions in 0.497489 seconds
2025-05-10 17:11:35,683 - INFO - Retrying request to /chat/completions in 0.976431 seconds
2025-05-10 17:11:41,702 - ERROR - Book processing failed: Request timed out.
2025-05-10 17:11:41,703 - INFO - Processing book 8/9
2025-05-10 17:11:41,703 - INFO - Processing: theofdating.txt (399335 chars)
2025-05-10 17:11:48,222 - INFO - Retrying request to /chat/completions in 0.482974 seconds
2025-05-10 17:11:53,721 - INFO - Retrying request to /chat/completions in 0.780036 seconds
2025-05-10 17:11:59,533 - ERROR - Book processing failed: Request timed out.
2025-05-10 17:11:59,534 - INFO - Processing book 9/9
2025-05-10 17:11:59,534 - INFO - Processing: unlimimemory.txt (150193 chars)
2025-05-10 17:12:06,081 - INFO - Retrying request to /chat/completions in 0.480280 seconds
2025-05-10 17:12:11,584 - INFO - Retrying request to /chat/completions in 0.821023 seconds
2025-05-10 17:12:17,439 - ERROR - Book processing failed: Request timed out.
2025-05-10 17:12:17,439 - INFO - Process completed. Success: 0/9
2025-05-10 17:13:33,712 - INFO - Found 9 books in directory
2025-05-10 17:13:33,712 - INFO - Processing book 1/9
2025-05-10 17:13:33,713 - INFO - Processing: 5step.txt (152232 chars)
2025-05-10 17:14:35,069 - INFO - HTTP Request: POST https://api-hcya75k62e723cf6.aistudio-app.com/v1/chat/completions "HTTP/1.1 200 OK"
2025-05-10 17:14:40,852 - INFO - Retrying request to /chat/completions in 0.482530 seconds
2025-05-10 17:28:02,135 - INFO - Found 9 books in directory
2025-05-10 17:28:02,150 - INFO - Processing book 1/9
2025-05-10 17:28:02,151 - INFO - Processing: 5step.txt (152232 chars)
2025-05-10 17:28:50,953 - INFO - HTTP Request: POST https://api-hcya75k62e723cf6.aistudio-app.com/v1/chat/completions "HTTP/1.1 200 OK"
2025-05-10 17:29:24,172 - INFO - HTTP Request: POST https://api-hcya75k62e723cf6.aistudio-app.com/v1/chat/completions "HTTP/1.1 200 OK"
2025-05-10 17:30:10,784 - INFO - HTTP Request: POST https://api-hcya75k62e723cf6.aistudio-app.com/v1/chat/completions "HTTP/1.1 200 OK"
2025-05-10 17:30:17,141 - INFO - Retrying request to /chat/completions in 0.448678 seconds
2025-05-10 17:30:22,604 - INFO - Retrying request to /chat/completions in 0.923519 seconds
2025-05-10 17:30:28,553 - ERROR - Book processing failed: Request timed out.
2025-05-10 17:30:28,554 - INFO - Processing book 2/9
2025-05-10 17:30:28,557 - INFO - Processing: diewithzero.txt (356602 chars)
2025-05-10 17:30:33,976 - INFO - Retrying request to /chat/completions in 0.421803 seconds
2025-05-10 17:30:41,963 - INFO - Retrying request to /chat/completions in 0.867823 seconds
2025-05-10 17:30:47,866 - ERROR - Book processing failed: Request timed out.
2025-05-10 17:30:47,867 - INFO - Processing book 3/9
2025-05-10 17:30:47,868 - INFO - Processing: forhim.txt (175415 chars)
2025-05-10 17:30:53,153 - WARNING - Process interrupted by user
